<?xml version="1.0" encoding="UTF-8"?>
<robot generator="Robot 3.2.2 (Python 3.9.2 on win32)" generated="20210329 17:05:48.321" rpa="false">
<suite id="s1" name="TestCheckBox" source="C:\Users\RAlexandru\Documents\Proiecte Eclipse\TestCheckBox">
<suite id="s1-s1" name="Test Check Box" source="C:\Users\RAlexandru\Documents\Proiecte Eclipse\TestCheckBox\test_check_box.robot">
<test id="s1-s1-t1" name="TestCheckbox">
<kw name="Open Browser Page">
<kw name="Open Browser" library="SeleniumLibrary">
<doc>Opens a new browser instance to the optional ``url``.</doc>
<arguments>
<arg>${url}</arg>
<arg>${browser}</arg>
</arguments>
<msg timestamp="20210329 17:05:48.738" level="INFO">Opening browser 'chrome' to base url 'https://demoqa.com/checkbox'.</msg>
<status status="PASS" starttime="20210329 17:05:48.738" endtime="20210329 17:05:52.183"></status>
</kw>
<kw name="Maximize Browser Window" library="SeleniumLibrary">
<doc>Maximizes current browser window.</doc>
<status status="PASS" starttime="20210329 17:05:52.184" endtime="20210329 17:05:52.316"></status>
</kw>
<status status="PASS" starttime="20210329 17:05:48.737" endtime="20210329 17:05:52.316"></status>
</kw>
<kw name="Find Checkboxes" library="check_box.CheckBox">
<status status="PASS" starttime="20210329 17:05:52.317" endtime="20210329 17:05:52.827"></status>
</kw>
<kw name="Check Selected" library="check_box.CheckBox">
<arguments>
<arg>${values_list}</arg>
</arguments>
<status status="PASS" starttime="20210329 17:05:52.828" endtime="20210329 17:05:54.553"></status>
</kw>
<kw name="Sleep" library="BuiltIn">
<doc>Pauses the test executed for the given time.</doc>
<arguments>
<arg>5</arg>
</arguments>
<msg timestamp="20210329 17:05:59.568" level="INFO">Slept 5 seconds</msg>
<status status="PASS" starttime="20210329 17:05:54.554" endtime="20210329 17:05:59.569"></status>
</kw>
<kw name="Close Browser" library="SeleniumLibrary">
<doc>Closes the current browser.</doc>
<status status="PASS" starttime="20210329 17:05:59.569" endtime="20210329 17:06:01.690"></status>
</kw>
<status status="PASS" starttime="20210329 17:05:48.736" endtime="20210329 17:06:01.692" critical="yes"></status>
</test>
<status status="PASS" starttime="20210329 17:05:48.396" endtime="20210329 17:06:01.695"></status>
</suite>
<status status="PASS" starttime="20210329 17:05:48.365" endtime="20210329 17:06:01.702"></status>
</suite>
<statistics>
<total>
<stat pass="1" fail="0">Critical Tests</stat>
<stat pass="1" fail="0">All Tests</stat>
</total>
<tag>
</tag>
<suite>
<stat pass="1" fail="0" id="s1" name="TestCheckBox">TestCheckBox</stat>
<stat pass="1" fail="0" id="s1-s1" name="Test Check Box">TestCheckBox.Test Check Box</stat>
</suite>
</statistics>
<errors>
</errors>
</robot>
